<?xml version="1.0" encoding="UTF-8"?>
<!-- Generated by org.testng.reporters.JUnitReportReporter -->
<testsuite skipped="0" hostname="LATR-PERTYNYBEK" name="com.webace.tests.EmployeeLoginTest.EmployeeLoginTest" tests="2" failures="0" timestamp="21 Nov 2019 17:30:40 GMT" time="7.497" errors="0">
  <testcase name="loginTest1" time="2.410" classname="com.webace.tests.EmployeeLoginTest.EmployeeLoginTest"/>
  <testcase name="negativeLoginTest1" time="5.087" classname="com.webace.tests.EmployeeLoginTest.EmployeeLoginTest"/>
</testsuite> <!-- com.webace.tests.EmployeeLoginTest.EmployeeLoginTest -->
