<?xml version="1.0" encoding="UTF-8"?>
<!-- Generated by org.testng.reporters.JUnitReportReporter -->
<testsuite skipped="0" hostname="LATR-PERTYNYBEK" name="CreateOrderTest" tests="2" failures="0" timestamp="21 Nov 2019 16:13:36 GMT" time="10.065" errors="0">
  <testcase name="loginTest1" time="4.696" classname="CreateOrderTest"/>
  <testcase name="negativeLoginTest1" time="5.369" classname="CreateOrderTest"/>
</testsuite> <!-- CreateOrderTest -->
