<?xml version="1.0" encoding="UTF-8"?>
<!-- Generated by org.testng.reporters.JUnitReportReporter -->
<testsuite skipped="0" hostname="LATR-PERTYNYBEK" name="com.webace.tests.EmployeeLoginTest.EmployeeLoginTest" tests="2" failures="0" timestamp="21 Nov 2019 18:32:33 GMT" time="7.563" errors="0">
  <testcase name="loginTest1" time="2.540" classname="com.webace.tests.EmployeeLoginTest.EmployeeLoginTest"/>
  <testcase name="negativeLoginTest1" time="5.023" classname="com.webace.tests.EmployeeLoginTest.EmployeeLoginTest"/>
</testsuite> <!-- com.webace.tests.EmployeeLoginTest.EmployeeLoginTest -->
