<?xml version="1.0" encoding="UTF-8"?>
<!-- Generated by org.testng.reporters.JUnitReportReporter -->
<testsuite skipped="0" hostname="LATR-PERTYNYBEK" name="com.webace.tests.CreateOrderTest.CreateOrderTest" tests="2" failures="0" timestamp="21 Nov 2019 18:00:13 GMT" time="9.484" errors="0">
  <testcase name="negativeLoginTest1" time="5.157" classname="com.webace.tests.CreateOrderTest.CreateOrderTest"/>
  <testcase name="loginTest1" time="4.327" classname="com.webace.tests.CreateOrderTest.CreateOrderTest"/>
</testsuite> <!-- com.webace.tests.CreateOrderTest.CreateOrderTest -->
